[2022-05-31 13:04:58.154] [exthost] [info] Extension host with pid 2605 started
[2022-05-31 13:04:58.200] [exthost] [info] ExtensionService#_doActivateExtension vscode.debug-auto-launch, startup: true, activationEvent: '*'
[2022-05-31 13:04:58.206] [exthost] [info] ExtensionService#_doActivateExtension vscode.git-base, startup: true, activationEvent: '*', root cause: vscode.git
[2022-05-31 13:04:58.211] [exthost] [info] ExtensionService#_doActivateExtension vscode.ipynb, startup: true, activationEvent: '*'
[2022-05-31 13:04:58.231] [exthost] [info] ExtensionService#_doActivateExtension vscode.git, startup: true, activationEvent: '*'
[2022-05-31 13:04:58.290] [exthost] [info] ExtensionService#_doActivateExtension vscode.github, startup: true, activationEvent: '*'
[2022-05-31 13:04:58.316] [exthost] [info] Eager extensions activated
[2022-05-31 13:04:58.332] [exthost] [info] ExtensionService#_doActivateExtension vscode.emmet, startup: false, activationEvent: 'onStartupFinished'
[2022-05-31 13:04:58.345] [exthost] [info] ExtensionService#_doActivateExtension vscode.merge-conflict, startup: false, activationEvent: 'onStartupFinished'
[2022-05-31 13:05:12.249] [exthost] [info] ExtensionService#_doActivateExtension vscode.configuration-editing, startup: false, activationEvent: 'onLanguage:jsonc'
[2022-05-31 13:05:12.253] [exthost] [info] ExtensionService#_doActivateExtension vscode.json-language-features, startup: false, activationEvent: 'onLanguage:jsonc'
[2022-05-31 13:05:12.297] [exthost] [info] ExtensionService#_doActivateExtension vscode.typescript-language-features, startup: false, activationEvent: 'onLanguage:jsonc'
[2022-05-31 13:06:05.964] [exthost] [info] Extension host terminating: renderer closed the socket
[2022-05-31 13:06:05.969] [exthost] [info] Extension host with pid 2605 exiting with code 0
[2022-05-31 13:06:07.299] [exthost] [info] Extension host with pid 2763 started
[2022-05-31 13:06:07.299] [exthost] [info] Skipping acquiring lock for /home/jack/.config/Code - OSS/User/workspaceStorage/a6ad23a207203f4fb7d187d18dfc7d6e.
[2022-05-31 13:06:07.376] [exthost] [info] ExtensionService#_doActivateExtension vscode.debug-auto-launch, startup: true, activationEvent: '*'
[2022-05-31 13:06:07.378] [exthost] [info] ExtensionService#_doActivateExtension vscode.git-base, startup: true, activationEvent: '*'
[2022-05-31 13:06:07.379] [exthost] [info] ExtensionService#_doActivateExtension vscode.ipynb, startup: true, activationEvent: '*'
[2022-05-31 13:06:07.387] [exthost] [info] ExtensionService#_doActivateExtension vscode.github, startup: true, activationEvent: '*'
[2022-05-31 13:06:07.394] [exthost] [info] Eager extensions activated
[2022-05-31 13:06:07.396] [exthost] [info] ExtensionService#_doActivateExtension vscode.emmet, startup: false, activationEvent: 'onStartupFinished'
[2022-05-31 13:06:07.399] [exthost] [info] ExtensionService#_doActivateExtension vscode.merge-conflict, startup: false, activationEvent: 'onStartupFinished'
[2022-05-31 13:06:09.634] [exthost] [info] ExtensionService#_doActivateExtension vscode.git, startup: false, activationEvent: 'api', root cause: vscode.github
[2022-05-31 13:24:32.979] [exthost] [info] Extension host terminating: renderer closed the socket
[2022-05-31 13:24:32.984] [exthost] [info] Extension host with pid 2763 exiting with code 0
