--------------------------------------------------------------------------------
[Jun 01, 2022, 3:17:24.8 AM:ERROR:refill_unblinded_tokens.cc(193)] Failed to get signed tokens
[Jun 01, 2022, 3:33:34.2 AM:ERROR:publisher.cc(774)] Publisher info not found
--------------------------------------------------------------------------------
[Jun 01, 2022, 9:41:25.3 AM:ERROR:logging_util.cc(105)] Network error (net::ERR_INTERNET_DISCONNECTED)
[Jun 01, 2022, 9:41:25.3 AM:ERROR:get_parameters.cc(53)] Unexpected HTTP status: -1
[Jun 01, 2022, 9:41:25.5 AM:ERROR:logging_util.cc(105)] Network error (net::ERR_INTERNET_DISCONNECTED)
[Jun 01, 2022, 9:41:25.5 AM:ERROR:get_available.cc(69)] Unexpected HTTP status: -1
[Jun 01, 2022, 9:41:28.3 AM:ERROR:account.cc(264)] Failed to get issuers
[Jun 01, 2022, 9:42:39.3 AM:ERROR:account.cc(264)] Failed to get issuers
--------------------------------------------------------------------------------
[Jun 01, 2022, 10:03:17.0 AM:ERROR:publisher.cc(774)] Publisher info not found
[Jun 01, 2022, 10:03:17.0 AM:ERROR:publisher.cc(774)] Publisher info not found
[Jun 01, 2022, 10:16:37.4 AM:ERROR:publisher.cc(774)] Publisher info not found
[Jun 01, 2022, 10:22:53.2 AM:ERROR:publisher.cc(774)] Publisher info not found
--------------------------------------------------------------------------------
[Jun 01, 2022, 10:34:14.9 AM:ERROR:publisher.cc(774)] Publisher info not found
[Jun 01, 2022, 10:34:14.9 AM:ERROR:publisher.cc(774)] Publisher info not found
--------------------------------------------------------------------------------
[Jun 01, 2022, 12:49:35.0 PM:ERROR:logging_util.cc(105)] Network error (net::ERR_INTERNET_DISCONNECTED)
[Jun 01, 2022, 12:49:35.0 PM:ERROR:get_parameters.cc(53)] Unexpected HTTP status: -1
[Jun 01, 2022, 12:49:35.3 PM:ERROR:logging_util.cc(105)] Network error (net::ERR_INTERNET_DISCONNECTED)
[Jun 01, 2022, 12:49:35.3 PM:ERROR:get_available.cc(69)] Unexpected HTTP status: -1
[Jun 01, 2022, 1:48:38.1 PM:ERROR:get_available.cc(69)] Unexpected HTTP status: 504
[Jun 01, 2022, 1:59:15.7 PM:ERROR:get_available.cc(69)] Unexpected HTTP status: 504
--------------------------------------------------------------------------------
[Jun 02, 2022, 12:02:49.1 PM:ERROR:logging_util.cc(105)] Network error (net::ERR_INTERNET_DISCONNECTED)
[Jun 02, 2022, 12:02:49.1 PM:ERROR:get_parameters.cc(53)] Unexpected HTTP status: -1
[Jun 02, 2022, 12:02:49.4 PM:ERROR:logging_util.cc(105)] Network error (net::ERR_INTERNET_DISCONNECTED)
[Jun 02, 2022, 12:02:49.4 PM:ERROR:get_available.cc(69)] Unexpected HTTP status: -1
[Jun 02, 2022, 12:03:24.2 PM:ERROR:logging_util.cc(105)] Network error (net::ERR_INTERNET_DISCONNECTED)
[Jun 02, 2022, 12:03:24.2 PM:ERROR:get_parameters.cc(53)] Unexpected HTTP status: -1
[Jun 02, 2022, 12:05:51.4 PM:ERROR:publisher.cc(774)] Publisher info not found
[Jun 02, 2022, 12:05:51.5 PM:ERROR:publisher.cc(774)] Publisher info not found
[Jun 02, 2022, 12:08:03.0 PM:ERROR:creative_new_tab_page_ads_database_table.cc(596)] Failed to get creative new tab page ad
[Jun 02, 2022, 12:08:53.2 PM:ERROR:publisher.cc(774)] Publisher info not found
[Jun 02, 2022, 12:08:53.2 PM:ERROR:publisher.cc(774)] Publisher info not found
[Jun 02, 2022, 12:10:52.2 PM:ERROR:publisher.cc(774)] Publisher info not found
[Jun 02, 2022, 12:10:52.2 PM:ERROR:publisher.cc(774)] Publisher info not found
--------------------------------------------------------------------------------
[Jun 02, 2022, 1:15:47.1 PM:ERROR:logging_util.cc(105)] Network error (net::ERR_INTERNET_DISCONNECTED)
[Jun 02, 2022, 1:15:47.1 PM:ERROR:get_parameters.cc(53)] Unexpected HTTP status: -1
[Jun 02, 2022, 1:15:47.4 PM:ERROR:logging_util.cc(105)] Network error (net::ERR_INTERNET_DISCONNECTED)
[Jun 02, 2022, 1:15:47.4 PM:ERROR:get_available.cc(69)] Unexpected HTTP status: -1
[Jun 02, 2022, 1:25:41.2 PM:ERROR:logging_util.cc(105)] Network error (net::ERR_INTERNET_DISCONNECTED)
[Jun 02, 2022, 1:25:41.2 PM:ERROR:get_parameters.cc(53)] Unexpected HTTP status: -1
[Jun 02, 2022, 1:27:33.2 PM:ERROR:logging_util.cc(105)] Network error (net::ERR_INTERNET_DISCONNECTED)
[Jun 02, 2022, 1:27:33.2 PM:ERROR:get_parameters.cc(53)] Unexpected HTTP status: -1
[Jun 02, 2022, 1:33:45.2 PM:ERROR:logging_util.cc(105)] Network error (net::ERR_INTERNET_DISCONNECTED)
[Jun 02, 2022, 1:33:45.2 PM:ERROR:get_parameters.cc(53)] Unexpected HTTP status: -1
--------------------------------------------------------------------------------
[Jun 02, 2022, 2:48:55.9 PM:ERROR:publisher.cc(774)] Publisher info not found
[Jun 02, 2022, 2:48:55.9 PM:ERROR:publisher.cc(774)] Publisher info not found
--------------------------------------------------------------------------------
[Jun 02, 2022, 2:55:59.0 PM:ERROR:publisher.cc(774)] Publisher info not found
[Jun 02, 2022, 2:55:59.0 PM:ERROR:publisher.cc(774)] Publisher info not found
--------------------------------------------------------------------------------
[Jun 03, 2022, 3:51:22.3 AM:ERROR:creative_new_tab_page_ads_database_table.cc(596)] Failed to get creative new tab page ad
--------------------------------------------------------------------------------
[Jun 03, 2022, 3:52:00.8 AM:ERROR:publisher.cc(774)] Publisher info not found
[Jun 03, 2022, 3:53:50.8 AM:ERROR:creative_new_tab_page_ads_database_table.cc(596)] Failed to get creative new tab page ad
[Jun 03, 2022, 3:54:08.0 AM:ERROR:publisher.cc(774)] Publisher info not found
[Jun 03, 2022, 3:54:08.0 AM:ERROR:publisher.cc(774)] Publisher info not found
[Jun 03, 2022, 4:03:09.7 AM:ERROR:publisher.cc(774)] Publisher info not found
[Jun 03, 2022, 4:03:09.7 AM:ERROR:publisher.cc(774)] Publisher info not found
[Jun 03, 2022, 4:43:40.0 AM:ERROR:logging_util.cc(105)] Network error (net::ERR_NAME_NOT_RESOLVED)
[Jun 03, 2022, 4:43:40.0 AM:ERROR:get_available.cc(69)] Unexpected HTTP status: -1
--------------------------------------------------------------------------------
[Jun 03, 2022, 4:52:12.5 AM:ERROR:creative_new_tab_page_ads_database_table.cc(596)] Failed to get creative new tab page ad
